** Message: 00:19:04.562: environement.vala:58: Exporting primary_variable
** Message: 00:19:04.563: environement.vala:59: desktop_environnement XDG_CURRENT_DESKTOP
** Message: 00:19:04.563: environement.vala:150: confir_dirs is null, export : /etc/xdg
** Message: 00:19:04.563: environement.vala:184: Exporting XDG_CONFIG_DIRS
** Message: 00:19:04.563: environement.vala:218: custom_data :
** Message: 00:19:04.563: environement.vala:219: data_dirs :/usr/share/fkms:/usr/local/share:/usr/share/raspi-ui-overrides:/usr/share:/usr/share/gdm:/var/lib/menu-xdg
** Message: 00:19:04.563: environement.vala:220: data_dirs not null, export : /usr/share/fkms:/usr/local/share:/usr/share/raspi-ui-overrides:/usr/share:/usr/share/gdm:/var/lib/menu-xdg
** Message: 00:19:04.563: environement.vala:225: Exporting XDG_DATA_DIRS
** Message: 00:19:04.563: utils.vala:138: Config system location : /etc/xdg/lxsession/LXDE-pi
** Message: 00:19:04.564: utils.vala:144: System system path location : /etc/xdg/lxsession/LXDE-pi/desktop.conf
** Message: 00:19:04.564: utils.vala:148: Final file used : /etc/xdg/lxsession/LXDE-pi/desktop.conf
** Message: 00:19:04.564: utils.vala:39: Config system location : /etc/xdg/lxsession/LXDE-pi
** Message: 00:19:04.564: utils.vala:45: System system path location : /etc/xdg/lxsession/LXDE-pi/desktop.conf

** (lxsession:630): WARNING **: 00:19:04.565: utils.vala:70: 그런 파일이나 디렉터리가 없습니다
** Message: 00:19:04.565: settings.vala:540: 키 파일에 있는 “GTK” 그룹의 “iGtk/ColorScheme” 키가 없습니다
** Message: 00:19:04.566: settings.vala:540: 키 파일에 있는 “Session” 그룹의 “windows_manager/command” 키가 없습니다
** Message: 00:19:04.566: settings.vala:540: 키 파일에 있는 “Session” 그룹의 “panel/command” 키가 없습니다
** Message: 00:19:04.566: settings.vala:540: 키 파일에 있는 “Session” 그룹의 “dock/command” 키가 없습니다
** Message: 00:19:04.566: settings.vala:540: 키 파일에 있는 “Session” 그룹의 “file_manager/command” 키가 없습니다
** Message: 00:19:04.566: settings.vala:540: 키 파일에 있는 “Session” 그룹의 “desktop_manager/command” 키가 없습니다
** Message: 00:19:04.566: settings.vala:540: 키 파일에 있는 “Session” 그룹의 “launcher_manager/autostart” 키가 없습니다
** Message: 00:19:04.566: settings.vala:540: 키 파일에 있는 “Session” 그룹의 “composite_manager/command” 키가 없습니다
** Message: 00:19:04.566: settings.vala:540: 키 파일에 있는 “Session” 그룹의 “im1/command” 키가 없습니다
** Message: 00:19:04.566: settings.vala:540: 키 파일에 있는 “Session” 그룹의 “im2/command” 키가 없습니다
** Message: 00:19:04.566: settings.vala:540: 키 파일에 있는 “Session” 그룹의 “widget1/command” 키가 없습니다
** Message: 00:19:04.566: settings.vala:540: 키 파일에 있는 “Session” 그룹의 “notification/command” 키가 없습니다
** Message: 00:19:04.566: settings.vala:540: 키 파일에 있는 “Session” 그룹의 “keybindings/command” 키가 없습니다
** Message: 00:19:04.566: settings.vala:540: 키 파일에 있는 “Session” 그룹의 “im_manager/command” 키가 없습니다
** Message: 00:19:04.566: settings.vala:540: 키 파일에 있는 “Session” 그룹의 “screensaver/command” 키가 없습니다
** Message: 00:19:04.566: settings.vala:540: 키 파일에 있는 “Session” 그룹의 “power_manager/command” 키가 없습니다
** Message: 00:19:04.566: settings.vala:540: 키 파일에 있는 “Session” 그룹의 “audio_manager/command” 키가 없습니다
** Message: 00:19:04.566: settings.vala:540: 키 파일에 있는 “Session” 그룹의 “workspace_manager/command” 키가 없습니다
** Message: 00:19:04.566: settings.vala:540: 키 파일에 있는 “Session” 그룹의 “screenshot_manager/command” 키가 없습니다
** Message: 00:19:04.566: settings.vala:540: 키 파일에 있는 “Session” 그룹의 “message_manager/command” 키가 없습니다
** Message: 00:19:04.566: settings.vala:540: 키 파일에 있는 “Session” 그룹의 “upgrade_manager/command” 키가 없습니다
** Message: 00:19:04.567: settings.vala:540: 키 파일에 있는 “Session” 그룹의 “updates_manager/command” 키가 없습니다
** Message: 00:19:04.567: settings.vala:540: 키 파일에 있는 “Session” 그룹의 “updates_manager/timeout” 키가 없습니다
** Message: 00:19:04.567: settings.vala:540: 키 파일에 있는 “Session” 그룹의 “crash_manager/command” 키가 없습니다
** Message: 00:19:04.567: settings.vala:540: 키 파일에 있는 “Session” 그룹의 “crash_manager/dev_mode” 키가 없습니다
** Message: 00:19:04.567: settings.vala:540: 키 파일에 있는 “Session” 그룹의 “crash_manager/timeout” 키가 없습니다
** Message: 00:19:04.567: settings.vala:540: 키 파일에 있는 “Session” 그룹의 “upstart_user_session” 키가 없습니다
** Message: 00:19:04.567: settings.vala:540: 키 파일에 있는 “Session” 그룹의 “proxy_manager/http” 키가 없습니다
** Message: 00:19:04.567: settings.vala:540: 키 파일에 있는 “Session” 그룹의 “a11y/command” 키가 없습니다
** Message: 00:19:04.567: settings.vala:540: 키 파일에 있는 “Session” 그룹의 “xrandr/command” 키가 없습니다
** Message: 00:19:04.567: settings.vala:540: 키 파일에 있는 “Session” 그룹의 “network_gui/command” 키가 없습니다
** Message: 00:19:04.567: settings.vala:540: 키 파일에 있는 “Session” 그룹의 “webbrowser/command” 키가 없습니다
** Message: 00:19:04.567: settings.vala:540: 키 파일에 있는 “Session” 그룹의 “email/command” 키가 없습니다
** Message: 00:19:04.567: settings.vala:540: 키 파일에 있는 “Session” 그룹의 “pdf_reader/command” 키가 없습니다
** Message: 00:19:04.567: settings.vala:540: 키 파일에 있는 “Session” 그룹의 “video_player/command” 키가 없습니다
** Message: 00:19:04.567: settings.vala:540: 키 파일에 있는 “Session” 그룹의 “audio_player/command” 키가 없습니다
** Message: 00:19:04.567: settings.vala:540: 키 파일에 있는 “Session” 그룹의 “image_display/command” 키가 없습니다
** Message: 00:19:04.567: settings.vala:540: 키 파일에 있는 “Session” 그룹의 “text_editor/command” 키가 없습니다
** Message: 00:19:04.567: settings.vala:540: 키 파일에 있는 “Session” 그룹의 “archive/command” 키가 없습니다
** Message: 00:19:04.567: settings.vala:540: 키 파일에 있는 “Session” 그룹의 “charmap/command” 키가 없습니다
** Message: 00:19:04.567: settings.vala:540: 키 파일에 있는 “Session” 그룹의 “calculator/command” 키가 없습니다
** Message: 00:19:04.568: settings.vala:540: 키 파일에 있는 “Session” 그룹의 “spreadsheet/command” 키가 없습니다
** Message: 00:19:04.568: settings.vala:540: 키 파일에 있는 “Session” 그룹의 “bittorent/command” 키가 없습니다
** Message: 00:19:04.568: settings.vala:540: 키 파일에 있는 “Session” 그룹의 “document/command” 키가 없습니다
** Message: 00:19:04.568: settings.vala:540: 키 파일에 있는 “Session” 그룹의 “webcam/command” 키가 없습니다
** Message: 00:19:04.568: settings.vala:540: 키 파일에 있는 “Session” 그룹의 “burn/command” 키가 없습니다
** Message: 00:19:04.568: settings.vala:540: 키 파일에 있는 “Session” 그룹의 “notes/command” 키가 없습니다
** Message: 00:19:04.568: settings.vala:540: 키 파일에 있는 “Session” 그룹의 “disk_utility/command” 키가 없습니다
** Message: 00:19:04.568: settings.vala:540: 키 파일에 있는 “Session” 그룹의 “tasks/command” 키가 없습니다
** Message: 00:19:04.568: settings.vala:540: 키 파일에 “Keymap” 그룹이 없습니다
** Message: 00:19:04.568: settings.vala:540: 키 파일에 있는 “State” 그룹의 “laptop_mode” 키가 없습니다
** Message: 00:19:04.568: settings.vala:540: 키 파일에 있는 “Dbus” 그룹의 “gnome” 키가 없습니다
** Message: 00:19:04.568: settings.vala:540: 키 파일에 있는 “Environment” 그룹의 “type” 키가 없습니다
** Message: 00:19:04.568: settings.vala:540: 키 파일에 있는 “Environment” 그룹의 “ubuntu_menuproxy” 키가 없습니다
** Message: 00:19:04.568: settings.vala:540: 키 파일에 있는 “Environment” 그룹의 “toolkit_integration” 키가 없습니다
** Message: 00:19:04.568: settings.vala:540: 키 파일에 있는 “Environment” 그룹의 “gtk/overlay_scrollbar_disable” 키가 없습니다
** Message: 00:19:04.568: settings.vala:540: 키 파일에 있는 “Environment” 그룹의 “qt/force_theme” 키가 없습니다
** Message: 00:19:04.568: settings.vala:540: 키 파일에 있는 “Environment” 그룹의 “qt/platform” 키가 없습니다
** Message: 00:19:04.569: settings.vala:462: Monitoring: /etc/xdg/lxsession/LXDE-pi/desktop.conf
** Message: 00:19:04.569: settings.vala:470: Desktop file is not in config home, monitoring creation of it
** Message: 00:19:04.569: settings.vala:485: Monitoring home path: /home/pi/.config/lxsession/LXDE-pi/desktop.conf
** Message: 00:19:04.569: environement.vala:79: Exporting variable
** Message: 00:19:04.569: environement.vala:80: desktop_environnement XDG_CURRENT_DESKTOP
** Message: 00:19:04.569: environement.vala:177: custom_config :
** Message: 00:19:04.570: environement.vala:178: config_dirs :/etc/xdg
** Message: 00:19:04.570: environement.vala:179: confir_dirs not null, export : /etc/xdg
** Message: 00:19:04.570: environement.vala:184: Exporting XDG_CONFIG_DIRS
** Message: 00:19:04.570: environement.vala:218: custom_data :
** Message: 00:19:04.570: environement.vala:219: data_dirs :/usr/share/fkms:/usr/local/share:/usr/share/raspi-ui-overrides:/usr/share:/usr/share/gdm:/var/lib/menu-xdg
** Message: 00:19:04.570: environement.vala:220: data_dirs not null, export : /usr/share/fkms:/usr/local/share:/usr/share/raspi-ui-overrides:/usr/share:/usr/share/gdm:/var/lib/menu-xdg
** Message: 00:19:04.570: environement.vala:225: Exporting XDG_DATA_DIRS
** Message: 00:19:04.570: utils.vala:39: Config system location : /etc/xdg/lxsession/LXDE-pi
** Message: 00:19:04.570: utils.vala:45: System system path location : /etc/xdg/lxsession/LXDE-pi/desktop.conf

** (lxsession:630): WARNING **: 00:19:04.570: utils.vala:70: 그런 파일이나 디렉터리가 없습니다
** Message: 00:19:04.570: environement.vala:254: No entry in [Environment_variable]. 키 파일에 “Environment_variable” 그룹이 없습니다

** (lxsession:630): WARNING **: 00:19:04.575: process.vala:49: 하위 프로세스 “xprop”을(를) 실행하기 실패 (그런 파일이나 디렉터리가 없습니다)

** (lxsession:630): WARNING **: 00:19:04.575: process.vala:50: Error when launching xprop
** Message: 00:19:04.575: utils.vala:138: Config system location : /etc/xdg/lxsession/LXDE-pi
** Message: 00:19:04.575: utils.vala:144: System system path location : /etc/xdg/lxsession/LXDE-pi/conffiles.conf
** Message: 00:19:04.575: utils.vala:148: Final file used : /etc/xdg/lxsession/LXDE-pi/conffiles.conf
** Message: 00:19:04.575: options.vala:164: Activate xsettings_manager build-in
** Message: 00:19:04.575: utils.vala:39: Config system location : /etc/xdg/lxsession/LXDE-pi
** Message: 00:19:04.575: utils.vala:45: System system path location : /etc/xdg/lxsession/LXDE-pi/desktop.conf

** (lxsession:630): WARNING **: 00:19:04.576: utils.vala:70: 그런 파일이나 디렉터리가 없습니다
** Message: 00:19:04.597: app.vala:728: polkit separate
** Message: 00:19:04.597: app.vala:728: polkit separate
** Message: 00:19:04.603: app.vala:76: Launching lxpolkit 
** Message: 00:19:04.603: utils.vala:138: Config system location : /etc/xdg/lxsession/LXDE-pi
** Message: 00:19:04.603: utils.vala:144: System system path location : /etc/xdg/lxsession/LXDE-pi/autostart
** Message: 00:19:04.603: utils.vala:148: Final file used : /etc/xdg/lxsession/LXDE-pi/autostart
** Message: 00:19:04.603: autostart.vala:42: Autostart path : /etc/xdg/lxsession/LXDE-pi/autostart
** Message: 00:19:04.618: app.vala:76: Launching lxpanel 
** Message: 00:19:04.628: app.vala:76: Launching pcmanfm 

** (lxsession:630): WARNING **: 00:19:04.634: app.vala:86: 하위 프로세스 “xscreensaver”을(를) 실행하기 실패 (그런 파일이나 디렉터리가 없습니다)

** (lxsession:630): WARNING **: 00:19:04.634: app.vala:87: Error when launching xscreensaver
** Message: 00:19:04.644: options.vala:107: Create build-in Clipboard
** Message: 00:19:04.646: main.vala:450: Check keymap_mode (null)
** Message: 00:19:04.651: app.vala:76: Launching /usr/bin/ssh-agent 
SSH_AUTH_SOCK=/tmp/ssh-0Zdk2l84xpGB/agent.730; export SSH_AUTH_SOCK;
SSH_AGENT_PID=737; export SSH_AGENT_PID;
echo Agent pid 737;
** Message: 00:19:04.868: app.vala:130: /usr/bin/ssh-agent exit with this type of exit: 0
** Message: 00:19:05.785: x-terminal-emulator has very limited support, consider choosing another terminal
** Message: 00:19:05.955: x-terminal-emulator has very limited support, consider choosing another terminal
grep: /home/pi/.config/lxpanel/LXDE-pi/panels/*: 그런 파일이나 디렉터리가 없습니다

(mutter:717): Clutter-WARNING **: 00:19:06.514: Bogus presentation time 0 travelled back in time, using current time.
** Message: 00:19:07.170: Connecting ...
** Message: 00:19:07.171: Status changed to down

** (lxpanel:722): CRITICAL **: 00:19:07.171: dhcpcd_open: 장치에 대해 부적절한 ioctl
Unit pt-device-manager.service could not be found.
Unit pi-topd.service could not be found.

** (lxpanel:722): WARNING **: 00:19:07.322: Battery 0 not found
** Message: 00:19:07.565: up: No network connection - polling...
** Message: 00:19:08.172: Status changed to opened
** Message: 00:19:08.172: Connected to dhcpcd-8.1.2
** Message: 00:19:08.173: Status changed to connecting
** Message: 00:19:08.173: eth0: Link is down
** Message: 00:19:08.173: wlan0: Associated with NEWMAZE_5G-2
** Message: 00:19:08.177: wlan0: WPA status connected
** Message: 00:19:08.177: wlan0: Received scan results
** Message: 00:19:10.942: wlan0: Configured 192.168.0.118/24
** Message: 00:19:10.942: Status changed to connected
** Message: 21:17:04.832: up: Checking for updates
** Message: 21:17:08.202: wlan0: Received scan results
** Message: 21:17:16.824: up: Cache updated - comparing versions
** Message: 21:17:24.130: up: Check complete - 96 updates available
** Message: 21:18:08.211: wlan0: Received scan results
